<?xml version="1.0" encoding="UTF-8"?>
<!-- Generated by org.testng.reporters.JUnitReportReporter -->
<testsuite hostname="administrator" failures="0" tests="1" name="DailyScriptsAPIs_Demo.AssignTier01" time="27.215" errors="0" timestamp="3 Feb 2020 07:43:45 GMT">
  <testcase classname="DailyScriptsAPIs_Demo.AssignTier01" name="f" time="27.215"/>
</testsuite> <!-- DailyScriptsAPIs_Demo.AssignTier01 -->
