<?xml version="1.0" encoding="UTF-8"?>
<!-- Generated by org.testng.reporters.JUnitReportReporter -->
<testsuite hostname="revaladm-ThinkCentre-M72e" failures="0" tests="1" name="DailyScriptsAPIs_Bata.CheckForEasyPointsRedemption02" time="19.643" errors="0" timestamp="13 Jul 2020 16:54:27 GMT">
  <testcase classname="DailyScriptsAPIs_Bata.CheckForEasyPointsRedemption02" name="f" time="19.643"/>
</testsuite> <!-- DailyScriptsAPIs_Bata.CheckForEasyPointsRedemption02 -->
