<?xml version="1.0" encoding="UTF-8"?>
<!-- Generated by org.testng.reporters.JUnitReportReporter -->
<testsuite hostname="revaladm-ThinkCentre-M72e" failures="0" tests="1" name="DailyScriptsAPIs_Canon.RedeemCoupon01" time="14.165" errors="0" timestamp="18 Jul 2020 07:08:29 GMT">
  <testcase classname="DailyScriptsAPIs_Canon.RedeemCoupon01" name="f" time="14.165"/>
</testsuite> <!-- DailyScriptsAPIs_Canon.RedeemCoupon01 -->
