<?xml version="1.0" encoding="UTF-8"?>
<!-- Generated by org.testng.reporters.JUnitReportReporter -->
<testsuite hostname="revaladm-ThinkCentre-M72e" failures="0" tests="1" name="DailyScriptsAPIs_Revdemo.FlatEasyPointsAccrual01" time="50.045" errors="0" timestamp="10 Jul 2020 07:46:48 GMT">
  <testcase classname="DailyScriptsAPIs_Revdemo.FlatEasyPointsAccrual01" name="f" time="50.045"/>
</testsuite> <!-- DailyScriptsAPIs_Revdemo.FlatEasyPointsAccrual01 -->
