<?xml version="1.0" encoding="UTF-8"?>
<!-- Generated by org.testng.reporters.JUnitReportReporter -->
<testsuite hostname="administrator" failures="0" tests="1" name="DailyScriptsLpaasDemo.RegisterAccount01" time="33.032" errors="0" timestamp="29 Nov 2019 05:52:13 GMT">
  <testcase classname="DailyScriptsLpaasDemo.RegisterAccount01" name="f" time="33.032"/>
</testsuite> <!-- DailyScriptsLpaasDemo.RegisterAccount01 -->
