<?xml version="1.0" encoding="UTF-8"?>
<!-- Generated by org.testng.reporters.JUnitReportReporter -->
<testsuite hostname="administrator" failures="0" tests="1" name="DailyScriptsLpaasDemo.IssueGV01" time="19.119" errors="0" timestamp="29 Nov 2019 07:16:39 GMT">
  <testcase classname="DailyScriptsLpaasDemo.IssueGV01" name="f" time="19.119"/>
</testsuite> <!-- DailyScriptsLpaasDemo.IssueGV01 -->
