<?xml version="1.0" encoding="UTF-8"?>
<!-- Generated by org.testng.reporters.JUnitReportReporter -->
<testsuite hostname="administrator" failures="0" tests="1" name="DailyScriptsLpaasDemo.GenerateOTP" time="9.342" errors="0" timestamp="27 Nov 2019 06:18:57 GMT">
  <testcase classname="DailyScriptsLpaasDemo.GenerateOTP" name="GeneratOTP" time="9.342"/>
</testsuite> <!-- DailyScriptsLpaasDemo.GenerateOTP -->
