<?xml version="1.0" encoding="UTF-8"?>
<!-- Generated by org.testng.reporters.JUnitReportReporter -->
<testsuite hostname="administrator" failures="0" tests="1" name="DailyScriptsAPIs_LpaasDemo.GenerateOTP" time="6.124" errors="0" timestamp="17 Dec 2019 04:16:31 GMT">
  <testcase classname="DailyScriptsAPIs_LpaasDemo.GenerateOTP" name="GeneratOTP" time="6.124"/>
</testsuite> <!-- DailyScriptsAPIs_LpaasDemo.GenerateOTP -->
