<?xml version="1.0" encoding="UTF-8"?>
<!-- Generated by org.testng.reporters.JUnitReportReporter -->
<testsuite hostname="administrator" failures="0" tests="1" name="DailyScriptsLpaasDemo.ValidateOTP" time="12.388" errors="0" timestamp="27 Nov 2019 06:20:34 GMT">
  <testcase classname="DailyScriptsLpaasDemo.ValidateOTP" name="wsValidateOTP" time="12.388"/>
</testsuite> <!-- DailyScriptsLpaasDemo.ValidateOTP -->
