<?xml version="1.0" encoding="UTF-8"?>
<!-- Generated by org.testng.reporters.JUnitReportReporter -->
<testsuite hostname="revaladm-ThinkCentre-M72e" failures="0" tests="1" name="DailyScriptsAPIs_Demo.CouponOTP" time="52.936" errors="0" timestamp="13 Jul 2020 10:01:38 GMT">
  <testcase classname="DailyScriptsAPIs_Demo.CouponOTP" name="wsCouponOTP" time="52.936"/>
</testsuite> <!-- DailyScriptsAPIs_Demo.CouponOTP -->
