<?xml version="1.0" encoding="UTF-8"?>
<!-- Generated by org.testng.reporters.JUnitReportReporter -->
<testsuite hostname="administrator" failures="0" tests="1" name="DailyScriptsAPIsMiddleast.UpdateCouponStatus01" time="6.102" errors="0" timestamp="7 Jan 2020 04:45:49 GMT">
  <testcase classname="DailyScriptsAPIsMiddleast.UpdateCouponStatus01" name="f" time="6.102"/>
</testsuite> <!-- DailyScriptsAPIsMiddleast.UpdateCouponStatus01 -->
