<?xml version="1.0" encoding="UTF-8"?>
<!-- Generated by org.testng.reporters.JUnitReportReporter -->
<testsuite hostname="revaladm-ThinkCentre-M72e" failures="0" tests="1" name="DailyScriptsAPIs_Demo.UpdateMemberProfile" time="25.557" errors="0" timestamp="1 Jul 2020 07:04:37 GMT">
  <testcase classname="DailyScriptsAPIs_Demo.UpdateMemberProfile" name="UpdateMemberprofile" time="25.557"/>
</testsuite> <!-- DailyScriptsAPIs_Demo.UpdateMemberProfile -->
