<?xml version="1.0" encoding="UTF-8"?>
<!-- Generated by org.testng.reporters.JUnitReportReporter -->
<testsuite hostname="administrator" failures="0" tests="1" name="DailyScriptsAPIsMiddleast.ValidateOTP" time="7.938" errors="0" timestamp="7 Jan 2020 04:06:36 GMT">
  <testcase classname="DailyScriptsAPIsMiddleast.ValidateOTP" name="wsValidateOTP" time="7.938"/>
</testsuite> <!-- DailyScriptsAPIsMiddleast.ValidateOTP -->
