<?xml version="1.0" encoding="UTF-8"?>
<!-- Generated by org.testng.reporters.JUnitReportReporter -->
<testsuite hostname="revaladm-ThinkCentre-M72e" failures="0" tests="1" name="DailyScriptsAPIs_Bata.UpdateBillNo01" time="5.979" errors="0" timestamp="13 Jul 2020 16:55:53 GMT">
  <testcase classname="DailyScriptsAPIs_Bata.UpdateBillNo01" name="f" time="5.979"/>
</testsuite> <!-- DailyScriptsAPIs_Bata.UpdateBillNo01 -->
