<?xml version="1.0" encoding="UTF-8"?>
<!-- Generated by org.testng.reporters.JUnitReportReporter -->
<testsuite hostname="administrator" failures="0" tests="1" name="DailyScriptsAPIsMiddleast.SearchMember01" time="4.993" errors="0" timestamp="7 Jan 2020 04:00:48 GMT">
  <testcase classname="DailyScriptsAPIsMiddleast.SearchMember01" name="f" time="4.993"/>
</testsuite> <!-- DailyScriptsAPIsMiddleast.SearchMember01 -->
