<?xml version="1.0" encoding="UTF-8"?>
<!-- Generated by org.testng.reporters.JUnitReportReporter -->
<testsuite hostname="revaladm-ThinkCentre-M72e" failures="0" tests="1" name="DailyScriptsAPIs_Revdemo.ReleaseRedemptionPoints01" time="56.222" errors="0" timestamp="25 Jun 2020 05:13:00 GMT">
  <testcase classname="DailyScriptsAPIs_Revdemo.ReleaseRedemptionPoints01" name="f" time="56.222"/>
</testsuite> <!-- DailyScriptsAPIs_Revdemo.ReleaseRedemptionPoints01 -->
