<?xml version="1.0" encoding="UTF-8"?>
<!-- Generated by org.testng.reporters.JUnitReportReporter -->
<testsuite hostname="administrator" failures="0" tests="1" name="DailyScriptsLpaasDemo.EasyPointsAccrualEOSS01" time="20.848" errors="0" timestamp="29 Nov 2019 05:13:27 GMT">
  <testcase classname="DailyScriptsLpaasDemo.EasyPointsAccrualEOSS01" name="f" time="20.848"/>
</testsuite> <!-- DailyScriptsLpaasDemo.EasyPointsAccrualEOSS01 -->
