<?xml version="1.0" encoding="UTF-8"?>
<!-- Generated by org.testng.reporters.JUnitReportReporter -->
<testsuite hostname="administrator" failures="0" tests="1" name="DailyScriptsLpaasDemo.CheckCouponAvailability01" time="15.059" errors="0" timestamp="29 Nov 2019 05:26:49 GMT">
  <testcase classname="DailyScriptsLpaasDemo.CheckCouponAvailability01" name="f" time="15.059"/>
</testsuite> <!-- DailyScriptsLpaasDemo.CheckCouponAvailability01 -->
