<?xml version="1.0" encoding="UTF-8"?>
<!-- Generated by org.testng.reporters.JUnitReportReporter -->
<testsuite hostname="administrator" failures="0" tests="1" name="DailyScriptsLpaasDemo.SearchMember01" time="23.070" errors="0" timestamp="29 Nov 2019 05:53:08 GMT">
  <testcase classname="DailyScriptsLpaasDemo.SearchMember01" name="f" time="23.070"/>
</testsuite> <!-- DailyScriptsLpaasDemo.SearchMember01 -->
