<?xml version="1.0" encoding="UTF-8"?>
<!-- Generated by org.testng.reporters.JUnitReportReporter -->
<testsuite hostname="revaladm-ThinkCentre-M72e" failures="0" tests="1" name="DailyScriptsAPIs_Bata.CustomerAvailablePoints01" time="9.330" errors="0" timestamp="13 Jul 2020 16:54:27 GMT">
  <testcase classname="DailyScriptsAPIs_Bata.CustomerAvailablePoints01" name="f" time="9.330"/>
</testsuite> <!-- DailyScriptsAPIs_Bata.CustomerAvailablePoints01 -->
