<?xml version="1.0" encoding="UTF-8"?>
<!-- Generated by org.testng.reporters.JUnitReportReporter -->
<testsuite hostname="revaladm-ThinkCentre-M72e" failures="0" tests="1" name="DailyScriptsAPIs_Canon.EasyPointsAccrualEOSS01" time="9.107" errors="0" timestamp="15 Jul 2020 10:50:41 GMT">
  <testcase classname="DailyScriptsAPIs_Canon.EasyPointsAccrualEOSS01" name="f" time="9.107"/>
</testsuite> <!-- DailyScriptsAPIs_Canon.EasyPointsAccrualEOSS01 -->
