<?xml version="1.0" encoding="UTF-8"?>
<!-- Generated by org.testng.reporters.JUnitReportReporter -->
<testsuite hostname="administrator" failures="0" tests="1" name="DailyScriptsAPIsMiddleast.GetAvailableGVS01" time="5.439" errors="0" timestamp="7 Jan 2020 04:53:38 GMT">
  <testcase classname="DailyScriptsAPIsMiddleast.GetAvailableGVS01" name="f" time="5.439"/>
</testsuite> <!-- DailyScriptsAPIsMiddleast.GetAvailableGVS01 -->
