<?xml version="1.0" encoding="UTF-8"?>
<!-- Generated by org.testng.reporters.JUnitReportReporter -->
<testsuite hostname="revaladm-ThinkCentre-M72e" failures="0" tests="1" name="DailyScriptsAPIs_Demo.ValidateOTP" time="35.690" errors="0" timestamp="13 Jul 2020 09:56:54 GMT">
  <testcase classname="DailyScriptsAPIs_Demo.ValidateOTP" name="wsValidateOTP" time="35.690"/>
</testsuite> <!-- DailyScriptsAPIs_Demo.ValidateOTP -->
