<?xml version="1.0" encoding="UTF-8"?>
<!-- Generated by org.testng.reporters.JUnitReportReporter -->
<testsuite hostname="revaladm-ThinkCentre-M72e" failures="0" tests="1" name="DailyScriptsAPIs_Demoloyalty.UseGV01" time="879.850" errors="0" timestamp="15 May 2020 08:55:23 GMT">
  <testcase classname="DailyScriptsAPIs_Demoloyalty.UseGV01" name="f" time="879.850"/>
</testsuite> <!-- DailyScriptsAPIs_Demoloyalty.UseGV01 -->
