<?xml version="1.0" encoding="UTF-8"?>
<!-- Generated by org.testng.reporters.JUnitReportReporter -->
<testsuite hostname="administrator" failures="0" tests="1" name="DailyScriptsAPIs_LpaasDemo.UnblockGV" time="3.755" errors="0" timestamp="17 Dec 2019 04:14:08 GMT">
  <testcase classname="DailyScriptsAPIs_LpaasDemo.UnblockGV" name="UnblockCoupon" time="3.755"/>
</testsuite> <!-- DailyScriptsAPIs_LpaasDemo.UnblockGV -->
