<?xml version="1.0" encoding="UTF-8"?>
<!-- Generated by org.testng.reporters.JUnitReportReporter -->
<testsuite hostname="administrator" failures="0" tests="1" name="DailyScriptsLpaasDemo.UnBlockCoupon" time="5.956" errors="0" timestamp="29 Nov 2019 07:13:45 GMT">
  <testcase classname="DailyScriptsLpaasDemo.UnBlockCoupon" name="UnblockCoupon" time="5.956"/>
</testsuite> <!-- DailyScriptsLpaasDemo.UnBlockCoupon -->
