<?xml version="1.0" encoding="UTF-8"?>
<!-- Generated by org.testng.reporters.JUnitReportReporter -->
<testsuite hostname="administrator" failures="0" tests="1" name="DailyScriptsLpaasDemo.GetAvailableGVS01" time="20.688" errors="0" timestamp="29 Nov 2019 05:48:52 GMT">
  <testcase classname="DailyScriptsLpaasDemo.GetAvailableGVS01" name="f" time="20.688"/>
</testsuite> <!-- DailyScriptsLpaasDemo.GetAvailableGVS01 -->
