<?xml version="1.0" encoding="UTF-8"?>
<!-- Generated by org.testng.reporters.JUnitReportReporter -->
<testsuite hostname="administrator" failures="0" tests="1" name="DailyScriptsAPIsMiddleast.RegisterAccount01" time="14.413" errors="0" timestamp="7 Jan 2020 10:15:28 GMT">
  <testcase classname="DailyScriptsAPIsMiddleast.RegisterAccount01" name="f" time="14.413"/>
</testsuite> <!-- DailyScriptsAPIsMiddleast.RegisterAccount01 -->
