<?xml version="1.0" encoding="UTF-8"?>
<!-- Generated by org.testng.reporters.JUnitReportReporter -->
<testsuite hostname="revaladm-ThinkCentre-M72e" failures="0" tests="1" name="DailyScriptsAPIs_Demo.GetTierDetails" time="6.303" errors="0" timestamp="13 Jul 2020 09:56:54 GMT">
  <testcase classname="DailyScriptsAPIs_Demo.GetTierDetails" name="wsGetTierDetails" time="6.303"/>
</testsuite> <!-- DailyScriptsAPIs_Demo.GetTierDetails -->
