<?xml version="1.0" encoding="UTF-8"?>
<!-- Generated by org.testng.reporters.JUnitReportReporter -->
<testsuite hostname="administrator" failures="0" tests="1" name="DailyScriptsLpaasDemo.GenerateReferralCode01" time="13.731" errors="0" timestamp="29 Nov 2019 05:21:49 GMT">
  <testcase classname="DailyScriptsLpaasDemo.GenerateReferralCode01" name="f" time="13.731"/>
</testsuite> <!-- DailyScriptsLpaasDemo.GenerateReferralCode01 -->
