<?xml version="1.0" encoding="UTF-8"?>
<!-- Generated by org.testng.reporters.JUnitReportReporter -->
<testsuite hostname="revaladm-ThinkCentre-M72e" failures="0" tests="1" name="DailyScriptsAPIs_Demoloyalty.IssueCoupon01" time="45.837" errors="0" timestamp="15 May 2020 08:55:24 GMT">
  <testcase classname="DailyScriptsAPIs_Demoloyalty.IssueCoupon01" name="f" time="45.837"/>
</testsuite> <!-- DailyScriptsAPIs_Demoloyalty.IssueCoupon01 -->
