<?xml version="1.0" encoding="UTF-8"?>
<!-- Generated by org.testng.reporters.JUnitReportReporter -->
<testsuite hostname="administrator" failures="0" tests="1" name="DailyScriptsLpaasDemo.RollBackGV" time="19.832" errors="0" timestamp="29 Nov 2019 07:24:34 GMT">
  <testcase classname="DailyScriptsLpaasDemo.RollBackGV" name="f" time="19.832"/>
</testsuite> <!-- DailyScriptsLpaasDemo.RollBackGV -->
