<?xml version="1.0" encoding="UTF-8"?>
<!-- Generated by org.testng.reporters.JUnitReportReporter -->
<testsuite hostname="revaladm-ThinkCentre-M72e" failures="0" tests="1" name="DailyScriptsAPIs_Canon.RegisterAccount01" time="17.221" errors="0" timestamp="15 Jul 2020 10:28:48 GMT">
  <testcase classname="DailyScriptsAPIs_Canon.RegisterAccount01" name="f" time="17.221"/>
</testsuite> <!-- DailyScriptsAPIs_Canon.RegisterAccount01 -->
