<?xml version="1.0" encoding="UTF-8"?>
<!-- Generated by org.testng.reporters.JUnitReportReporter -->
<testsuite hostname="administrator" failures="0" tests="1" name="DailyScriptsLpaasDemo.SaveChildrenDetails01" time="20.593" errors="0" timestamp="29 Nov 2019 05:53:42 GMT">
  <testcase classname="DailyScriptsLpaasDemo.SaveChildrenDetails01" name="SaveChildrenDetails" time="20.593"/>
</testsuite> <!-- DailyScriptsLpaasDemo.SaveChildrenDetails01 -->
