<?xml version="1.0" encoding="UTF-8"?>
<!-- Generated by org.testng.reporters.JUnitReportReporter -->
<testsuite hostname="revaladm-ThinkCentre-M72e" failures="0" tests="1" name="DailyScriptsAPIs_Bata.IssueGV01" time="11.486" errors="0" timestamp="13 Jul 2020 17:04:33 GMT">
  <testcase classname="DailyScriptsAPIs_Bata.IssueGV01" name="f" time="11.486"/>
</testsuite> <!-- DailyScriptsAPIs_Bata.IssueGV01 -->
