<?xml version="1.0" encoding="UTF-8"?>
<!-- Generated by org.testng.reporters.JUnitReportReporter -->
<testsuite hostname="administrator" failures="0" tests="1" name="DailyScriptsAPIsMiddleast.CheckForEasyPointsRedemption02" time="6.105" errors="0" timestamp="7 Jan 2020 04:19:13 GMT">
  <testcase classname="DailyScriptsAPIsMiddleast.CheckForEasyPointsRedemption02" name="f" time="6.105"/>
</testsuite> <!-- DailyScriptsAPIsMiddleast.CheckForEasyPointsRedemption02 -->
