<?xml version="1.0" encoding="UTF-8"?>
<!-- Generated by org.testng.reporters.JUnitReportReporter -->
<testsuite hostname="administrator" failures="0" tests="1" name="DailyScriptsLpaasDemo.CreateEmployee01" time="16.139" errors="0" timestamp="29 Nov 2019 05:20:55 GMT">
  <testcase classname="DailyScriptsLpaasDemo.CreateEmployee01" name="f" time="16.139"/>
</testsuite> <!-- DailyScriptsLpaasDemo.CreateEmployee01 -->
