<?xml version="1.0" encoding="UTF-8"?>
<!-- Generated by org.testng.reporters.JUnitReportReporter -->
<testsuite hostname="revaladm-ThinkCentre-M72e" failures="0" tests="1" name="DailyScriptsAPIs_Revdemo.ConfirmEasyPointsRedemption01" time="50.476" errors="0" timestamp="10 Jul 2020 07:42:17 GMT">
  <testcase classname="DailyScriptsAPIs_Revdemo.ConfirmEasyPointsRedemption01" name="f" time="50.476"/>
</testsuite> <!-- DailyScriptsAPIs_Revdemo.ConfirmEasyPointsRedemption01 -->
