<?xml version="1.0" encoding="UTF-8"?>
<!-- Generated by org.testng.reporters.JUnitReportReporter -->
<testsuite hostname="administrator" failures="0" tests="1" name="DailyScriptsAPIsMiddleast.CouponOTP" time="13.510" errors="0" timestamp="7 Jan 2020 04:41:59 GMT">
  <testcase classname="DailyScriptsAPIsMiddleast.CouponOTP" name="wsCouponOTP" time="13.510"/>
</testsuite> <!-- DailyScriptsAPIsMiddleast.CouponOTP -->
