<?xml version="1.0" encoding="UTF-8"?>
<!-- Generated by org.testng.reporters.JUnitReportReporter -->
<testsuite hostname="administrator" failures="0" tests="1" name="DailyScriptsAPIs_LpaasDemo.RedeemCoupon02" time="14.284" errors="0" timestamp="17 Dec 2019 04:14:08 GMT">
  <testcase classname="DailyScriptsAPIs_LpaasDemo.RedeemCoupon02" name="f" time="14.284"/>
</testsuite> <!-- DailyScriptsAPIs_LpaasDemo.RedeemCoupon02 -->
