<?xml version="1.0" encoding="UTF-8"?>
<!-- Generated by org.testng.reporters.JUnitReportReporter -->
<testsuite hostname="revaladm-ThinkCentre-M72e" failures="0" tests="1" name="DailyScriptsAPIs_Canon.ResendOTP01" time="9.205" errors="0" timestamp="15 Jul 2020 10:33:35 GMT">
  <testcase classname="DailyScriptsAPIs_Canon.ResendOTP01" name="f" time="9.205"/>
</testsuite> <!-- DailyScriptsAPIs_Canon.ResendOTP01 -->
