<?xml version="1.0" encoding="UTF-8"?>
<!-- Generated by org.testng.reporters.JUnitReportReporter -->
<testsuite hostname="administrator" failures="0" tests="1" name="DailyScriptsLpaasDemo.EasyPointsAccrual01" time="35.983" errors="0" timestamp="29 Nov 2019 05:12:24 GMT">
  <testcase classname="DailyScriptsLpaasDemo.EasyPointsAccrual01" name="f" time="35.983"/>
</testsuite> <!-- DailyScriptsLpaasDemo.EasyPointsAccrual01 -->
