<?xml version="1.0" encoding="UTF-8"?>
<!-- Generated by org.testng.reporters.JUnitReportReporter -->
<testsuite hostname="administrator" failures="0" tests="1" name="DailyScriptsAPIsMiddleast.AssignTier" time="17.365" errors="0" timestamp="7 Jan 2020 10:24:19 GMT">
  <testcase classname="DailyScriptsAPIsMiddleast.AssignTier" name="f" time="17.365"/>
</testsuite> <!-- DailyScriptsAPIsMiddleast.AssignTier -->
