<?xml version="1.0" encoding="UTF-8"?>
<!-- Generated by org.testng.reporters.JUnitReportReporter -->
<testsuite hostname="administrator" failures="0" tests="1" name="DailyScriptsAPIsMiddleast.CustomerAvailablePoints01" time="5.227" errors="0" timestamp="7 Jan 2020 04:33:32 GMT">
  <testcase classname="DailyScriptsAPIsMiddleast.CustomerAvailablePoints01" name="f" time="5.227"/>
</testsuite> <!-- DailyScriptsAPIsMiddleast.CustomerAvailablePoints01 -->
