<?xml version="1.0" encoding="UTF-8"?>
<!-- Generated by org.testng.reporters.JUnitReportReporter -->
<testsuite hostname="administrator" failures="0" tests="1" name="DailyScriptsAPIs_LpaasDemo.ReleaseRedemptionPoints01" time="9.218" errors="0" timestamp="17 Dec 2019 04:08:13 GMT">
  <testcase classname="DailyScriptsAPIs_LpaasDemo.ReleaseRedemptionPoints01" name="f" time="9.218"/>
</testsuite> <!-- DailyScriptsAPIs_LpaasDemo.ReleaseRedemptionPoints01 -->
