<?xml version="1.0" encoding="UTF-8"?>
<!-- Generated by org.testng.reporters.JUnitReportReporter -->
<testsuite hostname="administrator" failures="0" tests="1" name="DailyScriptsAPIs_LpaasDemo.SaveChildrenDetails01" time="18.625" errors="0" timestamp="17 Dec 2019 04:03:03 GMT">
  <testcase classname="DailyScriptsAPIs_LpaasDemo.SaveChildrenDetails01" name="SaveChildrenDetails" time="18.625"/>
</testsuite> <!-- DailyScriptsAPIs_LpaasDemo.SaveChildrenDetails01 -->
