<?xml version="1.0" encoding="UTF-8"?>
<!-- Generated by org.testng.reporters.JUnitReportReporter -->
<testsuite hostname="administrator" failures="0" tests="1" name="DailyScriptsLpaasDemo.GetAvailableCoupon01" time="18.917" errors="0" timestamp="29 Nov 2019 05:27:22 GMT">
  <testcase classname="DailyScriptsLpaasDemo.GetAvailableCoupon01" name="f" time="18.917"/>
</testsuite> <!-- DailyScriptsLpaasDemo.GetAvailableCoupon01 -->
