<?xml version="1.0" encoding="UTF-8"?>
<!-- Generated by org.testng.reporters.JUnitReportReporter -->
<testsuite hostname="revaladm-ThinkCentre-M72e" failures="0" tests="1" name="DailyScriptsAPIs_Demoloyalty.ConfirmEasyPointsRedemption01" time="31.846" errors="0" timestamp="15 May 2020 07:44:48 GMT">
  <testcase classname="DailyScriptsAPIs_Demoloyalty.ConfirmEasyPointsRedemption01" name="f" time="31.846"/>
</testsuite> <!-- DailyScriptsAPIs_Demoloyalty.ConfirmEasyPointsRedemption01 -->
