<?xml version="1.0" encoding="UTF-8"?>
<!-- Generated by org.testng.reporters.JUnitReportReporter -->
<testsuite hostname="administrator" failures="0" tests="1" name="DailyScriptsAPIsMiddleast.GetAvailableCoupon01" time="6.389" errors="0" timestamp="7 Jan 2020 04:45:24 GMT">
  <testcase classname="DailyScriptsAPIsMiddleast.GetAvailableCoupon01" name="f" time="6.389"/>
</testsuite> <!-- DailyScriptsAPIsMiddleast.GetAvailableCoupon01 -->
