<?xml version="1.0" encoding="UTF-8"?>
<!-- Generated by org.testng.reporters.JUnitReportReporter -->
<testsuite hostname="administrator" failures="0" tests="1" name="DailyScriptsAPIs_LpaasDemo.GetAvailableCoupon01" time="14.108" errors="0" timestamp="17 Dec 2019 04:14:08 GMT">
  <testcase classname="DailyScriptsAPIs_LpaasDemo.GetAvailableCoupon01" name="f" time="14.108"/>
</testsuite> <!-- DailyScriptsAPIs_LpaasDemo.GetAvailableCoupon01 -->
