<?xml version="1.0" encoding="UTF-8"?>
<!-- Generated by org.testng.reporters.JUnitReportReporter -->
<testsuite hostname="revaladm-ThinkCentre-M72e" failures="0" tests="1" name="DailyScriptsAPIs_Demoloyalty.FlatEasyPointsRedemption01" time="40.328" errors="0" timestamp="15 May 2020 07:30:02 GMT">
  <testcase classname="DailyScriptsAPIs_Demoloyalty.FlatEasyPointsRedemption01" name="f" time="40.328"/>
</testsuite> <!-- DailyScriptsAPIs_Demoloyalty.FlatEasyPointsRedemption01 -->
