<?xml version="1.0" encoding="UTF-8"?>
<!-- Generated by org.testng.reporters.JUnitReportReporter -->
<testsuite hostname="administrator" failures="0" tests="1" name="DailyScriptsAPIs_LpaasDemo.EasyPointRefund" time="7.357" errors="0" timestamp="2 Dec 2019 06:48:14 GMT">
  <testcase classname="DailyScriptsAPIs_LpaasDemo.EasyPointRefund" name="wsEasyPointRefund" time="7.357"/>
</testsuite> <!-- DailyScriptsAPIs_LpaasDemo.EasyPointRefund -->
