<?xml version="1.0" encoding="UTF-8"?>
<!-- Generated by org.testng.reporters.JUnitReportReporter -->
<testsuite hostname="revaladm-ThinkCentre-M72e" failures="0" tests="1" name="DailyScriptsAPIs_Philips.CreateEmployee01" time="11.409" errors="0" timestamp="13 Jul 2020 12:50:08 GMT">
  <testcase classname="DailyScriptsAPIs_Philips.CreateEmployee01" name="f" time="11.409"/>
</testsuite> <!-- DailyScriptsAPIs_Philips.CreateEmployee01 -->
