<?xml version="1.0" encoding="UTF-8"?>
<!-- Generated by org.testng.reporters.JUnitReportReporter -->
<testsuite hostname="revaladm-ThinkCentre-M72e" failures="0" tests="1" name="DailyScriptsAPIs_Canon.SaveChildrenDetails01" time="43.175" errors="0" timestamp="15 Jul 2020 10:28:48 GMT">
  <testcase classname="DailyScriptsAPIs_Canon.SaveChildrenDetails01" name="SaveChildrenDetails" time="43.175"/>
</testsuite> <!-- DailyScriptsAPIs_Canon.SaveChildrenDetails01 -->
