<?xml version="1.0" encoding="UTF-8"?>
<!-- Generated by org.testng.reporters.JUnitReportReporter -->
<testsuite hostname="revaladm-ThinkCentre-M72e" failures="0" tests="1" name="DailyScriptsAPIs_Revdemo.EasyPointsAccrualEOSS01" time="77.137" errors="0" timestamp="10 Jul 2020 07:46:48 GMT">
  <testcase classname="DailyScriptsAPIs_Revdemo.EasyPointsAccrualEOSS01" name="f" time="77.137"/>
</testsuite> <!-- DailyScriptsAPIs_Revdemo.EasyPointsAccrualEOSS01 -->
