<?xml version="1.0" encoding="UTF-8"?>
<!-- Generated by org.testng.reporters.JUnitReportReporter -->
<testsuite hostname="administrator" failures="0" tests="1" name="DailyScriptsLpaasDemo.CustomerAvailablePoints01" time="19.630" errors="0" timestamp="29 Nov 2019 05:21:24 GMT">
  <testcase classname="DailyScriptsLpaasDemo.CustomerAvailablePoints01" name="CustomerAvailablePoints" time="19.630"/>
</testsuite> <!-- DailyScriptsLpaasDemo.CustomerAvailablePoints01 -->
