<?xml version="1.0" encoding="UTF-8"?>
<!-- Generated by org.testng.reporters.JUnitReportReporter -->
<testsuite hostname="administrator" failures="0" tests="1" name="DailyScriptsAPIsMiddleast.GenerateReferralCode01" time="6.680" errors="0" timestamp="7 Jan 2020 04:07:19 GMT">
  <testcase classname="DailyScriptsAPIsMiddleast.GenerateReferralCode01" name="f" time="6.680"/>
</testsuite> <!-- DailyScriptsAPIsMiddleast.GenerateReferralCode01 -->
