<?xml version="1.0" encoding="UTF-8"?>
<!-- Generated by org.testng.reporters.JUnitReportReporter -->
<testsuite hostname="revaladm-ThinkCentre-M72e" failures="0" tests="1" name="DailyScriptsAPIs_Revdemo.GetTierDetails" time="42.374" errors="0" timestamp="25 Jun 2020 05:13:00 GMT">
  <testcase classname="DailyScriptsAPIs_Revdemo.GetTierDetails" name="wsGetTierDetails" time="42.374"/>
</testsuite> <!-- DailyScriptsAPIs_Revdemo.GetTierDetails -->
