<?xml version="1.0" encoding="UTF-8"?>
<!-- Generated by org.testng.reporters.JUnitReportReporter -->
<testsuite hostname="revaladm-ThinkCentre-M72e" failures="0" tests="1" name="DailyScriptsAPIs_Canon.ValidateOTP" time="35.055" errors="0" timestamp="15 Jul 2020 10:36:20 GMT">
  <testcase classname="DailyScriptsAPIs_Canon.ValidateOTP" name="wsValidateOTP" time="35.055"/>
</testsuite> <!-- DailyScriptsAPIs_Canon.ValidateOTP -->
