<?xml version="1.0" encoding="UTF-8"?>
<!-- Generated by org.testng.reporters.JUnitReportReporter -->
<testsuite hostname="administrator" failures="0" tests="1" name="DailyScriptsLpaasDemo.FlatEasyPointsRedemption01" time="15.116" errors="0" timestamp="29 Nov 2019 05:14:19 GMT">
  <testcase classname="DailyScriptsLpaasDemo.FlatEasyPointsRedemption01" name="f" time="15.116"/>
</testsuite> <!-- DailyScriptsLpaasDemo.FlatEasyPointsRedemption01 -->
