<?xml version="1.0" encoding="UTF-8"?>
<!-- Generated by org.testng.reporters.JUnitReportReporter -->
<testsuite hostname="administrator" failures="0" tests="1" name="DailyScriptsAPIsMiddleast.GetCustomerReferalCode01" time="5.131" errors="0" timestamp="7 Jan 2020 04:07:35 GMT">
  <testcase classname="DailyScriptsAPIsMiddleast.GetCustomerReferalCode01" name="f" time="5.131"/>
</testsuite> <!-- DailyScriptsAPIsMiddleast.GetCustomerReferalCode01 -->
