<?xml version="1.0" encoding="UTF-8"?>
<!-- Generated by org.testng.reporters.JUnitReportReporter -->
<testsuite hostname="administrator" failures="0" tests="1" name="DailyScriptsAPIs_LpaasDemo.ConfirmOTP01" time="63.945" errors="0" timestamp="17 Dec 2019 04:08:13 GMT">
  <testcase classname="DailyScriptsAPIs_LpaasDemo.ConfirmOTP01" name="f" time="63.945"/>
</testsuite> <!-- DailyScriptsAPIs_LpaasDemo.ConfirmOTP01 -->
