<?xml version="1.0" encoding="UTF-8"?>
<!-- Generated by org.testng.reporters.JUnitReportReporter -->
<testsuite hostname="revaladm-ThinkCentre-M72e" failures="0" tests="1" name="DailyScriptsAPIs_Canon.CheckGVAvailability01" time="20.341" errors="0" timestamp="15 Jul 2020 10:44:33 GMT">
  <testcase classname="DailyScriptsAPIs_Canon.CheckGVAvailability01" name="f" time="20.341"/>
</testsuite> <!-- DailyScriptsAPIs_Canon.CheckGVAvailability01 -->
