<?xml version="1.0" encoding="UTF-8"?>
<!-- Generated by org.testng.reporters.JUnitReportReporter -->
<testsuite hostname="administrator" failures="0" tests="1" name="DailyScriptsAPIs_LpaasDemo.ValidateOTP" time="16.510" errors="0" timestamp="17 Dec 2019 04:16:56 GMT">
  <testcase classname="DailyScriptsAPIs_LpaasDemo.ValidateOTP" name="wsValidateOTP" time="16.510"/>
</testsuite> <!-- DailyScriptsAPIs_LpaasDemo.ValidateOTP -->
