<?xml version="1.0" encoding="UTF-8"?>
<!-- Generated by org.testng.reporters.JUnitReportReporter -->
<testsuite hostname="administrator" failures="0" tests="1" name="DailyScriptsAPIsMiddleast.UpdateBillNo01" time="5.673" errors="0" timestamp="7 Jan 2020 04:18:57 GMT">
  <testcase classname="DailyScriptsAPIsMiddleast.UpdateBillNo01" name="f" time="5.673"/>
</testsuite> <!-- DailyScriptsAPIsMiddleast.UpdateBillNo01 -->
