<?xml version="1.0" encoding="UTF-8"?>
<!-- Generated by org.testng.reporters.JUnitReportReporter -->
<testsuite hostname="administrator" failures="0" tests="1" name="DailyScriptsAPIsMiddleast.CreateEmployee01" time="5.744" errors="0" timestamp="7 Jan 2020 04:32:54 GMT">
  <testcase classname="DailyScriptsAPIsMiddleast.CreateEmployee01" name="f" time="5.744"/>
</testsuite> <!-- DailyScriptsAPIsMiddleast.CreateEmployee01 -->
