<?xml version="1.0" encoding="UTF-8"?>
<!-- Generated by org.testng.reporters.JUnitReportReporter -->
<testsuite hostname="revaladm-ThinkCentre-M72e" failures="0" tests="1" name="DailyScriptsAPIs_Demoloyalty.UnBlockCoupon" time="34.046" errors="0" timestamp="15 May 2020 08:55:24 GMT">
  <testcase classname="DailyScriptsAPIs_Demoloyalty.UnBlockCoupon" name="UnblockCoupon" time="34.046"/>
</testsuite> <!-- DailyScriptsAPIs_Demoloyalty.UnBlockCoupon -->
