<?xml version="1.0" encoding="UTF-8"?>
<!-- Generated by org.testng.reporters.JUnitReportReporter -->
<testsuite hostname="revaladm-ThinkCentre-M72e" failures="0" tests="1" name="DailyScriptsAPIs_Canon.CreateEmployee01" time="6.945" errors="0" timestamp="15 Jul 2020 10:28:48 GMT">
  <testcase classname="DailyScriptsAPIs_Canon.CreateEmployee01" name="f" time="6.945"/>
</testsuite> <!-- DailyScriptsAPIs_Canon.CreateEmployee01 -->
