<?xml version="1.0" encoding="UTF-8"?>
<!-- Generated by org.testng.reporters.JUnitReportReporter -->
<testsuite hostname="revaladm-ThinkCentre-M72e" failures="0" tests="1" name="DailyScriptsAPIs_Revdemo.CreateEmployee01" time="58.773" errors="0" timestamp="19 Jun 2020 05:05:31 GMT">
  <testcase classname="DailyScriptsAPIs_Revdemo.CreateEmployee01" name="f" time="58.773"/>
</testsuite> <!-- DailyScriptsAPIs_Revdemo.CreateEmployee01 -->
