<?xml version="1.0" encoding="UTF-8"?>
<!-- Generated by org.testng.reporters.JUnitReportReporter -->
<testsuite hostname="revaladm-ThinkCentre-M72e" failures="0" tests="1" name="DailyScriptsAPIs_Demoloyalty.GvOTP" time="109.567" errors="0" timestamp="28 Apr 2020 22:40:09 GMT">
  <testcase classname="DailyScriptsAPIs_Demoloyalty.GvOTP" name="wsGVOTP" time="109.567"/>
</testsuite> <!-- DailyScriptsAPIs_Demoloyalty.GvOTP -->
