<?xml version="1.0" encoding="UTF-8"?>
<!-- Generated by org.testng.reporters.JUnitReportReporter -->
<testsuite hostname="administrator" failures="0" tests="1" name="DailyScriptsAPIsMiddleast.ResendOTP01" time="5.106" errors="0" timestamp="7 Jan 2020 04:18:11 GMT">
  <testcase classname="DailyScriptsAPIsMiddleast.ResendOTP01" name="f" time="5.106"/>
</testsuite> <!-- DailyScriptsAPIsMiddleast.ResendOTP01 -->
