<?xml version="1.0" encoding="UTF-8"?>
<!-- Generated by org.testng.reporters.JUnitReportReporter -->
<testsuite hostname="administrator" failures="0" tests="1" name="DailyScriptsAPIs_LpaasDemo.RedeemGV01" time="16.549" errors="0" timestamp="17 Dec 2019 04:14:08 GMT">
  <testcase classname="DailyScriptsAPIs_LpaasDemo.RedeemGV01" name="f" time="16.549"/>
</testsuite> <!-- DailyScriptsAPIs_LpaasDemo.RedeemGV01 -->
