<?xml version="1.0" encoding="UTF-8"?>
<!-- Generated by org.testng.reporters.JUnitReportReporter -->
<testsuite hostname="revaladm-ThinkCentre-M72e" failures="0" tests="1" name="DailyScriptsAPIs_Canon.RedeemCoupon02" time="5.539" errors="0" timestamp="15 Jul 2020 10:44:34 GMT">
  <testcase classname="DailyScriptsAPIs_Canon.RedeemCoupon02" name="f" time="5.539"/>
</testsuite> <!-- DailyScriptsAPIs_Canon.RedeemCoupon02 -->
