<?xml version="1.0" encoding="UTF-8"?>
<!-- Generated by org.testng.reporters.JUnitReportReporter -->
<testsuite hostname="administrator" failures="0" tests="1" name="DailyScriptsAPIs_LpaasDemo.GetCustomerReferalCode01" time="14.713" errors="0" timestamp="17 Dec 2019 04:03:03 GMT">
  <testcase classname="DailyScriptsAPIs_LpaasDemo.GetCustomerReferalCode01" name="wsGetReferralCode" time="14.713"/>
</testsuite> <!-- DailyScriptsAPIs_LpaasDemo.GetCustomerReferalCode01 -->
