<?xml version="1.0" encoding="UTF-8"?>
<!-- Generated by org.testng.reporters.JUnitReportReporter -->
<testsuite hostname="revaladm-ThinkCentre-M72e" failures="0" tests="1" name="DailyScriptsAPIs_Demo.EasyPointsAccrual01" time="8.717" errors="0" timestamp="13 Jul 2020 09:49:39 GMT">
  <testcase classname="DailyScriptsAPIs_Demo.EasyPointsAccrual01" name="f" time="8.717"/>
</testsuite> <!-- DailyScriptsAPIs_Demo.EasyPointsAccrual01 -->
