<?xml version="1.0" encoding="UTF-8"?>
<!-- Generated by org.testng.reporters.JUnitReportReporter -->
<testsuite hostname="administrator" failures="0" tests="1" name="DailyScriptsLpaasDemo.CheckGVAvailability01" time="14.611" errors="0" timestamp="29 Nov 2019 05:48:18 GMT">
  <testcase classname="DailyScriptsLpaasDemo.CheckGVAvailability01" name="f" time="14.611"/>
</testsuite> <!-- DailyScriptsLpaasDemo.CheckGVAvailability01 -->
