<?xml version="1.0" encoding="UTF-8"?>
<!-- Generated by org.testng.reporters.JUnitReportReporter -->
<testsuite hostname="revaladm-ThinkCentre-M72e" failures="0" tests="1" name="DailyScriptsAPIs_Demoloyalty.GenerateOTP" time="32.279" errors="0" timestamp="15 May 2020 07:44:48 GMT">
  <testcase classname="DailyScriptsAPIs_Demoloyalty.GenerateOTP" name="GeneratOTP" time="32.279"/>
</testsuite> <!-- DailyScriptsAPIs_Demoloyalty.GenerateOTP -->
