<?xml version="1.0" encoding="UTF-8"?>
<!-- Generated by org.testng.reporters.JUnitReportReporter -->
<testsuite hostname="administrator" failures="0" tests="1" name="DailyScriptsAPIsMiddleast.CheckGVAvailability01" time="5.073" errors="0" timestamp="7 Jan 2020 04:53:20 GMT">
  <testcase classname="DailyScriptsAPIsMiddleast.CheckGVAvailability01" name="f" time="5.073"/>
</testsuite> <!-- DailyScriptsAPIsMiddleast.CheckGVAvailability01 -->
