<?xml version="1.0" encoding="UTF-8"?>
<!-- Generated by org.testng.reporters.JUnitReportReporter -->
<testsuite hostname="administrator" failures="0" tests="1" name="DailyScriptsAPIsMiddleast.RedeemCoupon01" time="8.012" errors="0" timestamp="7 Jan 2020 04:43:45 GMT">
  <testcase classname="DailyScriptsAPIsMiddleast.RedeemCoupon01" name="f" time="8.012"/>
</testsuite> <!-- DailyScriptsAPIsMiddleast.RedeemCoupon01 -->
