<?xml version="1.0" encoding="UTF-8"?>
<!-- Generated by org.testng.reporters.JUnitReportReporter -->
<testsuite hostname="revaladm-ThinkCentre-M72e" failures="0" tests="1" name="DailyScriptsAPIs_Revdemo.RedeemCoupon02" time="50.836" errors="0" timestamp="10 Jul 2020 07:35:34 GMT">
  <testcase classname="DailyScriptsAPIs_Revdemo.RedeemCoupon02" name="f" time="50.836"/>
</testsuite> <!-- DailyScriptsAPIs_Revdemo.RedeemCoupon02 -->
