<?xml version="1.0" encoding="UTF-8"?>
<!-- Generated by org.testng.reporters.JUnitReportReporter -->
<testsuite hostname="revaladm-ThinkCentre-M72e" failures="0" tests="1" name="DailyScriptsAPIs_Canon.MergeGV" time="10.182" errors="0" timestamp="14 Jul 2020 17:15:58 GMT">
  <testcase classname="DailyScriptsAPIs_Canon.MergeGV" name="MergeGv" time="10.182"/>
</testsuite> <!-- DailyScriptsAPIs_Canon.MergeGV -->
