<?xml version="1.0" encoding="UTF-8"?>
<!-- Generated by org.testng.reporters.JUnitReportReporter -->
<testsuite hostname="administrator" failures="0" tests="1" name="DailyScriptsAPIsMiddleast.GenerateOTP" time="7.896" errors="0" timestamp="7 Jan 2020 04:06:14 GMT">
  <testcase classname="DailyScriptsAPIsMiddleast.GenerateOTP" name="GeneratOTP" time="7.896"/>
</testsuite> <!-- DailyScriptsAPIsMiddleast.GenerateOTP -->
