<?xml version="1.0" encoding="UTF-8"?>
<!-- Generated by org.testng.reporters.JUnitReportReporter -->
<testsuite hostname="administrator" failures="0" tests="1" name="DailyScriptsLpaasDemo.FlatEasyPointsAccrual01" time="15.756" errors="0" timestamp="29 Nov 2019 05:13:57 GMT">
  <testcase classname="DailyScriptsLpaasDemo.FlatEasyPointsAccrual01" name="f" time="15.756"/>
</testsuite> <!-- DailyScriptsLpaasDemo.FlatEasyPointsAccrual01 -->
