<?xml version="1.0" encoding="UTF-8"?>
<!-- Generated by org.testng.reporters.JUnitReportReporter -->
<testsuite hostname="administrator" failures="0" tests="1" name="DailyScriptsAPIsMiddleast.GetTierDetails" time="5.351" errors="0" timestamp="7 Jan 2020 04:36:30 GMT">
  <testcase classname="DailyScriptsAPIsMiddleast.GetTierDetails" name="wsGetTierDetails" time="5.351"/>
</testsuite> <!-- DailyScriptsAPIsMiddleast.GetTierDetails -->
