<?xml version="1.0" encoding="UTF-8"?>
<!-- Generated by org.testng.reporters.JUnitReportReporter -->
<testsuite hostname="revaladm-ThinkCentre-M72e" failures="0" tests="1" name="DailyScriptsAPIs_Revdemo.GenerateReferralCode01" time="40.545" errors="0" timestamp="19 Jun 2020 05:05:31 GMT">
  <testcase classname="DailyScriptsAPIs_Revdemo.GenerateReferralCode01" name="f" time="40.545"/>
</testsuite> <!-- DailyScriptsAPIs_Revdemo.GenerateReferralCode01 -->
