<?xml version="1.0" encoding="UTF-8"?>
<!-- Generated by org.testng.reporters.JUnitReportReporter -->
<testsuite hostname="revaladm-ThinkCentre-M72e" failures="0" tests="1" name="DailyScriptsAPIs_Bata.CheckForEasyPointsRedemption01" time="8.222" errors="0" timestamp="13 Jul 2020 16:55:38 GMT">
  <testcase classname="DailyScriptsAPIs_Bata.CheckForEasyPointsRedemption01" name="f" time="8.222"/>
</testsuite> <!-- DailyScriptsAPIs_Bata.CheckForEasyPointsRedemption01 -->
