<?xml version="1.0" encoding="UTF-8"?>
<!-- Generated by org.testng.reporters.JUnitReportReporter -->
<testsuite hostname="administrator" failures="0" tests="1" name="DailyScriptsLpaasDemo.UpdateCouponStatus01" time="14.535" errors="0" timestamp="29 Nov 2019 05:27:59 GMT">
  <testcase classname="DailyScriptsLpaasDemo.UpdateCouponStatus01" name="f" time="14.535"/>
</testsuite> <!-- DailyScriptsLpaasDemo.UpdateCouponStatus01 -->
