<?xml version="1.0" encoding="UTF-8"?>
<!-- Generated by org.testng.reporters.JUnitReportReporter -->
<testsuite hostname="revaladm-ThinkCentre-M72e" failures="0" tests="1" name="DailyScriptsAPIs_Philips.IssueCoupon01" time="7.950" errors="0" timestamp="13 Jul 2020 13:13:45 GMT">
  <testcase classname="DailyScriptsAPIs_Philips.IssueCoupon01" name="f" time="7.950"/>
</testsuite> <!-- DailyScriptsAPIs_Philips.IssueCoupon01 -->
