<?xml version="1.0" encoding="UTF-8"?>
<!-- Generated by org.testng.reporters.JUnitReportReporter -->
<testsuite hostname="administrator" failures="0" tests="1" name="DailyScriptsLpaasDemo.CheckForEasyPointsRedemption01" time="12.419" errors="0" timestamp="29 Nov 2019 05:18:02 GMT">
  <testcase classname="DailyScriptsLpaasDemo.CheckForEasyPointsRedemption01" name="f" time="12.419"/>
</testsuite> <!-- DailyScriptsLpaasDemo.CheckForEasyPointsRedemption01 -->
