<?xml version="1.0" encoding="UTF-8"?>
<!-- Generated by org.testng.reporters.JUnitReportReporter -->
<testsuite hostname="administrator" failures="0" tests="1" name="DailyScriptsAPIsMiddleast.ConfirmOTP01" time="14.708" errors="0" timestamp="7 Jan 2020 04:13:51 GMT">
  <testcase classname="DailyScriptsAPIsMiddleast.ConfirmOTP01" name="f" time="14.708"/>
</testsuite> <!-- DailyScriptsAPIsMiddleast.ConfirmOTP01 -->
