<?xml version="1.0" encoding="UTF-8"?>
<!-- Generated by org.testng.reporters.JUnitReportReporter -->
<testsuite hostname="administrator" failures="0" tests="1" name="DailyScriptsAPIs_LpaasDemo.CheckCouponAvailability01" time="15.507" errors="0" timestamp="17 Dec 2019 04:14:08 GMT">
  <testcase classname="DailyScriptsAPIs_LpaasDemo.CheckCouponAvailability01" name="f" time="15.507"/>
</testsuite> <!-- DailyScriptsAPIs_LpaasDemo.CheckCouponAvailability01 -->
