<?xml version="1.0" encoding="UTF-8"?>
<!-- Generated by org.testng.reporters.JUnitReportReporter -->
<testsuite hostname="administrator" failures="0" tests="1" name="DailyScriptsLpaasDemo.MergeGV" time="6.334" errors="0" timestamp="19 Nov 2019 04:51:22 GMT">
  <testcase classname="DailyScriptsLpaasDemo.MergeGV" name="MergeGv" time="6.334"/>
</testsuite> <!-- DailyScriptsLpaasDemo.MergeGV -->
