<?xml version="1.0" encoding="UTF-8"?>
<!-- Generated by org.testng.reporters.JUnitReportReporter -->
<testsuite hostname="administrator" failures="0" tests="1" name="DailyScriptsAPIsMiddleast.CheckCouponAvailability01" time="4.982" errors="0" timestamp="7 Jan 2020 04:44:31 GMT">
  <testcase classname="DailyScriptsAPIsMiddleast.CheckCouponAvailability01" name="f" time="4.982"/>
</testsuite> <!-- DailyScriptsAPIsMiddleast.CheckCouponAvailability01 -->
