<?xml version="1.0" encoding="UTF-8"?>
<!-- Generated by org.testng.reporters.JUnitReportReporter -->
<testsuite hostname="revaladm-ThinkCentre-M72e" failures="0" tests="1" name="DailyScriptsAPIs_Demoloyalty.CheckGVAvailability01" time="177.240" errors="0" timestamp="15 May 2020 08:55:24 GMT">
  <testcase classname="DailyScriptsAPIs_Demoloyalty.CheckGVAvailability01" name="f" time="177.240"/>
</testsuite> <!-- DailyScriptsAPIs_Demoloyalty.CheckGVAvailability01 -->
