<?xml version="1.0" encoding="UTF-8"?>
<!-- Generated by org.testng.reporters.JUnitReportReporter -->
<testsuite hostname="revaladm-ThinkCentre-M72e" failures="0" tests="1" name="DailyScriptsAPIs_Revdemo.ResendOTP01" time="44.068" errors="0" timestamp="10 Jul 2020 07:42:17 GMT">
  <testcase classname="DailyScriptsAPIs_Revdemo.ResendOTP01" name="f" time="44.068"/>
</testsuite> <!-- DailyScriptsAPIs_Revdemo.ResendOTP01 -->
