<?xml version="1.0" encoding="UTF-8"?>
<!-- Generated by org.testng.reporters.JUnitReportReporter -->
<testsuite hostname="revaladm-ThinkCentre-M72e" failures="0" tests="1" name="DailyScriptsAPIs_Canon.EasyPointsAccrual01" time="7.497" errors="0" timestamp="15 Jul 2020 10:51:00 GMT">
  <testcase classname="DailyScriptsAPIs_Canon.EasyPointsAccrual01" name="f" time="7.497"/>
</testsuite> <!-- DailyScriptsAPIs_Canon.EasyPointsAccrual01 -->
