<?xml version="1.0" encoding="UTF-8"?>
<!-- Generated by org.testng.reporters.JUnitReportReporter -->
<testsuite hostname="administrator" failures="0" tests="1" name="DailyScriptsAPIsMiddleast.RedeemGV02" time="16.107" errors="0" timestamp="7 Jan 2020 04:50:47 GMT">
  <testcase classname="DailyScriptsAPIsMiddleast.RedeemGV02" name="f" time="16.107"/>
</testsuite> <!-- DailyScriptsAPIsMiddleast.RedeemGV02 -->
