<?xml version="1.0" encoding="UTF-8"?>
<!-- Generated by org.testng.reporters.JUnitReportReporter -->
<testsuite hostname="administrator" failures="0" tests="1" name="DailyScriptsLpaasDemo.UpdateBillNo01" time="16.881" errors="0" timestamp="29 Nov 2019 05:17:38 GMT">
  <testcase classname="DailyScriptsLpaasDemo.UpdateBillNo01" name="f" time="16.881"/>
</testsuite> <!-- DailyScriptsLpaasDemo.UpdateBillNo01 -->
