<?xml version="1.0" encoding="UTF-8"?>
<!-- Generated by org.testng.reporters.JUnitReportReporter -->
<testsuite hostname="administrator" failures="0" tests="1" name="DailyScriptsLpaasDemo.SaveSKUBillDetails" time="42.915" errors="0" timestamp="21 Nov 2019 04:26:01 GMT">
  <testcase classname="DailyScriptsLpaasDemo.SaveSKUBillDetails" name="SaveSKUBillDetail" time="42.915"/>
</testsuite> <!-- DailyScriptsLpaasDemo.SaveSKUBillDetails -->
