<?xml version="1.0" encoding="UTF-8"?>
<!-- Generated by org.testng.reporters.JUnitReportReporter -->
<testsuite hostname="administrator" failures="0" tests="1" name="DailyScriptsLpaasDemo.ReleaseRedemptionPoints01" time="10.419" errors="0" timestamp="29 Nov 2019 05:16:24 GMT">
  <testcase classname="DailyScriptsLpaasDemo.ReleaseRedemptionPoints01" name="f" time="10.419"/>
</testsuite> <!-- DailyScriptsLpaasDemo.ReleaseRedemptionPoints01 -->
