<?xml version="1.0" encoding="UTF-8"?>
<!-- Generated by org.testng.reporters.JUnitReportReporter -->
<testsuite hostname="revaladm-ThinkCentre-M72e" failures="0" tests="1" name="DailyScriptsAPIs_Revdemo.GetCustomerTransactionDetails" time="59.980" errors="0" timestamp="25 Jun 2020 05:13:00 GMT">
  <testcase classname="DailyScriptsAPIs_Revdemo.GetCustomerTransactionDetails" name="wsGetCustomerTransactionDetails" time="59.980"/>
</testsuite> <!-- DailyScriptsAPIs_Revdemo.GetCustomerTransactionDetails -->
