<?xml version="1.0" encoding="UTF-8"?>
<!-- Generated by org.testng.reporters.JUnitReportReporter -->
<testsuite hostname="administrator" failures="0" tests="1" name="DailyScriptsAPIsMiddleast.GetCustomerTransactionDetails" time="8.109" errors="0" timestamp="7 Jan 2020 05:34:16 GMT">
  <testcase classname="DailyScriptsAPIsMiddleast.GetCustomerTransactionDetails" name="wsGetCustomerTransactionDetails" time="8.109"/>
</testsuite> <!-- DailyScriptsAPIsMiddleast.GetCustomerTransactionDetails -->
