<?xml version="1.0" encoding="UTF-8"?>
<!-- Generated by org.testng.reporters.JUnitReportReporter -->
<testsuite hostname="revaladm-ThinkCentre-M72e" failures="0" tests="1" name="DailyScriptsAPIs_Demoloyalty.UseCoupon01" time="37.696" errors="0" timestamp="15 May 2020 08:55:23 GMT">
  <testcase classname="DailyScriptsAPIs_Demoloyalty.UseCoupon01" name="f" time="37.696"/>
</testsuite> <!-- DailyScriptsAPIs_Demoloyalty.UseCoupon01 -->
