<?xml version="1.0" encoding="UTF-8"?>
<!-- Generated by org.testng.reporters.JUnitReportReporter -->
<testsuite hostname="administrator" failures="0" tests="1" name="DailyScriptsAPIsMiddleast.EasyPointsAccrual01" time="7.912" errors="0" timestamp="7 Jan 2020 04:03:33 GMT">
  <testcase classname="DailyScriptsAPIsMiddleast.EasyPointsAccrual01" name="f" time="7.912"/>
</testsuite> <!-- DailyScriptsAPIsMiddleast.EasyPointsAccrual01 -->
