<?xml version="1.0" encoding="UTF-8"?>
<!-- Generated by org.testng.reporters.JUnitReportReporter -->
<testsuite hostname="administrator" failures="0" tests="1" name="DailyScriptsLpaasDemo.GetCustomerReferalCode01" time="5.087" errors="0" timestamp="29 Nov 2019 05:24:09 GMT">
  <testcase classname="DailyScriptsLpaasDemo.GetCustomerReferalCode01" name="f" time="5.087"/>
</testsuite> <!-- DailyScriptsLpaasDemo.GetCustomerReferalCode01 -->
