<?xml version="1.0" encoding="UTF-8"?>
<!-- Generated by org.testng.reporters.JUnitReportReporter -->
<testsuite hostname="revaladm-ThinkCentre-M72e" failures="0" tests="1" name="DailyScriptsAPIs_Revdemo.CouponOTP" time="126.376" errors="0" timestamp="10 Jul 2020 07:35:34 GMT">
  <testcase classname="DailyScriptsAPIs_Revdemo.CouponOTP" name="wsCouponOTP" time="126.376"/>
</testsuite> <!-- DailyScriptsAPIs_Revdemo.CouponOTP -->
