<?xml version="1.0" encoding="UTF-8"?>
<!-- Generated by org.testng.reporters.JUnitReportReporter -->
<testsuite hostname="administrator" failures="0" tests="1" name="DailyScriptsAPIsMiddleast.RollBackGV" time="5.956" errors="0" timestamp="7 Jan 2020 04:54:01 GMT">
  <testcase classname="DailyScriptsAPIsMiddleast.RollBackGV" name="f" time="5.956"/>
</testsuite> <!-- DailyScriptsAPIsMiddleast.RollBackGV -->
