<?xml version="1.0" encoding="UTF-8"?>
<!-- Generated by org.testng.reporters.JUnitReportReporter -->
<testsuite hostname="administrator" failures="0" tests="1" name="DailyScriptsLpaasDemo.ResendOTP01" time="20.512" errors="0" timestamp="29 Nov 2019 05:20:15 GMT">
  <testcase classname="DailyScriptsLpaasDemo.ResendOTP01" name="f" time="20.512"/>
</testsuite> <!-- DailyScriptsLpaasDemo.ResendOTP01 -->
