<?xml version="1.0" encoding="UTF-8"?>
<!-- Generated by org.testng.reporters.JUnitReportReporter -->
<testsuite hostname="revaladm-ThinkCentre-M72e" failures="0" tests="1" name="DailyScriptsAPIs_Revdemo.UpdateBillNo01" time="54.519" errors="0" timestamp="25 Jun 2020 05:13:00 GMT">
  <testcase classname="DailyScriptsAPIs_Revdemo.UpdateBillNo01" name="f" time="54.519"/>
</testsuite> <!-- DailyScriptsAPIs_Revdemo.UpdateBillNo01 -->
