<?xml version="1.0" encoding="UTF-8"?>
<!-- Generated by org.testng.reporters.JUnitReportReporter -->
<testsuite hostname="administrator" failures="0" tests="1" name="DailyScriptsAPIsMiddleast.UseGV01" time="19.397" errors="0" timestamp="7 Jan 2020 04:52:06 GMT">
  <testcase classname="DailyScriptsAPIsMiddleast.UseGV01" name="f" time="19.397"/>
</testsuite> <!-- DailyScriptsAPIsMiddleast.UseGV01 -->
