<?xml version="1.0" encoding="UTF-8"?>
<!-- Generated by org.testng.reporters.JUnitReportReporter -->
<testsuite skipped="0" hostname="ManviAgarwal" name="DailyScriptsAPIs_Bata.EasyPointsAccrualEOSS01" tests="1" failures="0" timestamp="2020-08-22T17:19:30 IST" time="18.595" errors="0">
  <testcase name="f" time="18.595" classname="DailyScriptsAPIs_Bata.EasyPointsAccrualEOSS01"/>
  <system-out/>
</testsuite> <!-- DailyScriptsAPIs_Bata.EasyPointsAccrualEOSS01 -->
