<?xml version="1.0" encoding="UTF-8"?>
<!-- Generated by org.testng.reporters.JUnitReportReporter -->
<testsuite hostname="administrator" failures="0" tests="1" name="DailyScriptsLpaasDemo.GetTierDetails" time="5.745" errors="0" timestamp="13 Nov 2019 05:39:26 GMT">
  <testcase classname="DailyScriptsLpaasDemo.GetTierDetails" name="wsGetTierDetails" time="5.745"/>
</testsuite> <!-- DailyScriptsLpaasDemo.GetTierDetails -->
