<?xml version="1.0" encoding="UTF-8"?>
<!-- Generated by org.testng.reporters.JUnitReportReporter -->
<testsuite hostname="administrator" failures="0" tests="1" name="DailyScriptsAPIsMiddleast.FlatEasyPointsRedemption01" time="6.439" errors="0" timestamp="7 Jan 2020 04:04:17 GMT">
  <testcase classname="DailyScriptsAPIsMiddleast.FlatEasyPointsRedemption01" name="f" time="6.439"/>
</testsuite> <!-- DailyScriptsAPIsMiddleast.FlatEasyPointsRedemption01 -->
