<?xml version="1.0" encoding="UTF-8"?>
<!-- Generated by org.testng.reporters.JUnitReportReporter -->
<testsuite hostname="revaladm-ThinkCentre-M72e" failures="0" tests="1" name="DailyScriptsAPIs_Bata.GetAvailableCoupon01" time="5.613" errors="0" timestamp="13 Jul 2020 11:16:19 GMT">
  <testcase classname="DailyScriptsAPIs_Bata.GetAvailableCoupon01" name="f" time="5.613"/>
</testsuite> <!-- DailyScriptsAPIs_Bata.GetAvailableCoupon01 -->
