<?xml version="1.0" encoding="UTF-8"?>
<!-- Generated by org.testng.reporters.JUnitReportReporter -->
<testsuite hostname="revaladm-ThinkCentre-M72e" failures="0" tests="1" name="DailyScriptsAPIs_Bata.SaveSKUBillDetails" time="9.712" errors="0" timestamp="13 Jul 2020 16:56:17 GMT">
  <testcase classname="DailyScriptsAPIs_Bata.SaveSKUBillDetails" name="SaveSKUBillDetail" time="9.712"/>
</testsuite> <!-- DailyScriptsAPIs_Bata.SaveSKUBillDetails -->
