<?xml version="1.0" encoding="UTF-8"?>
<!-- Generated by org.testng.reporters.JUnitReportReporter -->
<testsuite hostname="revaladm-ThinkCentre-M72e" failures="0" tests="1" name="DailyScriptsAPIs_Demoloyalty.ValidateOTP" time="167.974" errors="0" timestamp="15 May 2020 07:44:48 GMT">
  <testcase classname="DailyScriptsAPIs_Demoloyalty.ValidateOTP" name="wsValidateOTP" time="167.974"/>
</testsuite> <!-- DailyScriptsAPIs_Demoloyalty.ValidateOTP -->
