<?xml version="1.0" encoding="UTF-8"?>
<!-- Generated by org.testng.reporters.JUnitReportReporter -->
<testsuite hostname="administrator" failures="0" tests="1" name="DailyScriptsLpaasDemo.UpdateGVStatus01" time="14.710" errors="0" timestamp="29 Nov 2019 05:50:05 GMT">
  <testcase classname="DailyScriptsLpaasDemo.UpdateGVStatus01" name="f" time="14.710"/>
</testsuite> <!-- DailyScriptsLpaasDemo.UpdateGVStatus01 -->
