<?xml version="1.0" encoding="UTF-8"?>
<!-- Generated by org.testng.reporters.JUnitReportReporter -->
<testsuite hostname="administrator" failures="0" tests="1" name="DailyScriptsAPIsMiddleast.ConfirmEasyPointsRedemption01" time="24.082" errors="0" timestamp="7 Jan 2020 04:16:58 GMT">
  <testcase classname="DailyScriptsAPIsMiddleast.ConfirmEasyPointsRedemption01" name="f" time="24.082"/>
</testsuite> <!-- DailyScriptsAPIsMiddleast.ConfirmEasyPointsRedemption01 -->
