<?xml version="1.0" encoding="UTF-8"?>
<!-- Generated by org.testng.reporters.JUnitReportReporter -->
<testsuite skipped="0" hostname="ManviAgarwal" name="DailyScriptsAPIs_Bata.GenerateOTP" tests="1" failures="0" timestamp="2020-08-24T12:17:36 IST" time="11.234" errors="0">
  <testcase name="GeneratOTP" time="11.234" classname="DailyScriptsAPIs_Bata.GenerateOTP"/>
  <system-out/>
</testsuite> <!-- DailyScriptsAPIs_Bata.GenerateOTP -->
