<?xml version="1.0" encoding="UTF-8"?>
<!-- Generated by org.testng.reporters.JUnitReportReporter -->
<testsuite hostname="administrator" failures="0" tests="1" name="DailyScriptsAPIsMiddleast.ReleaseRedemptionPoints01" time="5.530" errors="0" timestamp="7 Jan 2020 04:19:32 GMT">
  <testcase classname="DailyScriptsAPIsMiddleast.ReleaseRedemptionPoints01" name="f" time="5.530"/>
</testsuite> <!-- DailyScriptsAPIsMiddleast.ReleaseRedemptionPoints01 -->
