<?xml version="1.0" encoding="UTF-8"?>
<!-- Generated by org.testng.reporters.JUnitReportReporter -->
<testsuite hostname="administrator" failures="0" tests="1" name="DailyScriptsAPIsMiddleast.EasyPointsAccrualEOSS01" time="32.532" errors="0" timestamp="7 Jan 2020 05:11:25 GMT">
  <testcase classname="DailyScriptsAPIsMiddleast.EasyPointsAccrualEOSS01" name="f" time="32.532"/>
</testsuite> <!-- DailyScriptsAPIsMiddleast.EasyPointsAccrualEOSS01 -->
