<?xml version="1.0" encoding="UTF-8"?>
<!-- Generated by org.testng.reporters.JUnitReportReporter -->
<testsuite hostname="revaladm-ThinkCentre-M72e" failures="0" tests="1" name="DailyScriptsAPIs_Canon.GenerateOTP" time="6.718" errors="0" timestamp="15 Jul 2020 10:33:35 GMT">
  <testcase classname="DailyScriptsAPIs_Canon.GenerateOTP" name="GeneratOTP" time="6.718"/>
</testsuite> <!-- DailyScriptsAPIs_Canon.GenerateOTP -->
