<?xml version="1.0" encoding="UTF-8"?>
<!-- Generated by org.testng.reporters.JUnitReportReporter -->
<testsuite hostname="revaladm-ThinkCentre-M72e" failures="0" tests="1" name="DailyScriptsAPIs_Revdemo.CheckForEasyPointsRedemption02" time="70.118" errors="0" timestamp="25 Jun 2020 05:13:00 GMT">
  <testcase classname="DailyScriptsAPIs_Revdemo.CheckForEasyPointsRedemption02" name="f" time="70.118"/>
</testsuite> <!-- DailyScriptsAPIs_Revdemo.CheckForEasyPointsRedemption02 -->
