<?xml version="1.0" encoding="UTF-8"?>
<!-- Generated by org.testng.reporters.JUnitReportReporter -->
<testsuite hostname="administrator" failures="0" tests="1" name="DailyScriptsAPIsMiddleast.SaveSKUBillDetails" time="8.885" errors="0" timestamp="7 Jan 2020 05:00:45 GMT">
  <testcase classname="DailyScriptsAPIsMiddleast.SaveSKUBillDetails" name="SaveSKUBillDetail" time="8.885"/>
</testsuite> <!-- DailyScriptsAPIsMiddleast.SaveSKUBillDetails -->
