<?xml version="1.0" encoding="UTF-8"?>
<!-- Generated by org.testng.reporters.JUnitReportReporter -->
<testsuite hostname="administrator" failures="0" tests="1" name="DailyScriptsLpaasDemo.GetCustomerTransactionDetails" time="6.498" errors="0" timestamp="29 Nov 2019 07:14:44 GMT">
  <testcase classname="DailyScriptsLpaasDemo.GetCustomerTransactionDetails" name="wsGetCustomerTransactionDetails" time="6.498"/>
</testsuite> <!-- DailyScriptsLpaasDemo.GetCustomerTransactionDetails -->
