<?xml version="1.0" encoding="UTF-8"?>
<!-- Generated by org.testng.reporters.JUnitReportReporter -->
<testsuite hostname="administrator" failures="0" tests="1" name="DailyScriptsAPIsMiddleast.IssueCoupon01" time="9.486" errors="0" timestamp="7 Jan 2020 04:43:33 GMT">
  <testcase classname="DailyScriptsAPIsMiddleast.IssueCoupon01" name="f" time="9.486"/>
</testsuite> <!-- DailyScriptsAPIsMiddleast.IssueCoupon01 -->
