<?xml version="1.0" encoding="UTF-8"?>
<!-- Generated by org.testng.reporters.JUnitReportReporter -->
<testsuite hostname="administrator" failures="0" tests="1" name="DailyScriptsLpaasDemo.GvOTP" time="30.123" errors="0" timestamp="29 Nov 2019 07:20:14 GMT">
  <testcase classname="DailyScriptsLpaasDemo.GvOTP" name="wsGVOTP" time="30.123"/>
</testsuite> <!-- DailyScriptsLpaasDemo.GvOTP -->
