<?xml version="1.0" encoding="UTF-8"?>
<!-- Generated by org.testng.reporters.JUnitReportReporter -->
<testsuite hostname="administrator" failures="0" tests="1" name="DailyScriptsLpaasDemo.ConfirmOTP01" time="59.401" errors="0" timestamp="29 Nov 2019 05:19:37 GMT">
  <testcase classname="DailyScriptsLpaasDemo.ConfirmOTP01" name="f" time="59.401"/>
</testsuite> <!-- DailyScriptsLpaasDemo.ConfirmOTP01 -->
