<?xml version="1.0" encoding="UTF-8"?>
<!-- Generated by org.testng.reporters.JUnitReportReporter -->
<testsuite hostname="revaladm-ThinkCentre-M72e" failures="0" tests="1" name="DailyScriptsAPIs_Revdemo.SaveChildrenDetails01" time="59.220" errors="0" timestamp="19 Jun 2020 05:05:31 GMT">
  <testcase classname="DailyScriptsAPIs_Revdemo.SaveChildrenDetails01" name="f" time="59.220"/>
</testsuite> <!-- DailyScriptsAPIs_Revdemo.SaveChildrenDetails01 -->
