<?xml version="1.0" encoding="UTF-8"?>
<!-- Generated by org.testng.reporters.JUnitReportReporter -->
<testsuite hostname="revaladm-ThinkCentre-M72e" failures="0" tests="1" name="DailyScriptsAPIs_Demoloyalty.CheckForEasyPointsRedemption02" time="43.708" errors="0" timestamp="15 May 2020 07:44:48 GMT">
  <testcase classname="DailyScriptsAPIs_Demoloyalty.CheckForEasyPointsRedemption02" name="f" time="43.708"/>
</testsuite> <!-- DailyScriptsAPIs_Demoloyalty.CheckForEasyPointsRedemption02 -->
