<?xml version="1.0" encoding="UTF-8"?>
<!-- Generated by org.testng.reporters.JUnitReportReporter -->
<testsuite hostname="administrator" failures="0" tests="1" name="DailyScriptsLpaasDemo.EasyPointRefund" time="8.384" errors="0" timestamp="13 Nov 2019 05:21:32 GMT">
  <testcase classname="DailyScriptsLpaasDemo.EasyPointRefund" name="wsEasyPointRefund" time="8.384"/>
</testsuite> <!-- DailyScriptsLpaasDemo.EasyPointRefund -->
