<?xml version="1.0" encoding="UTF-8"?>
<!-- Generated by org.testng.reporters.JUnitReportReporter -->
<testsuite hostname="administrator" failures="0" tests="1" name="DailyScriptsLpaasDemo.ConfirmEasyPointsRedemption01" time="15.141" errors="0" timestamp="29 Nov 2019 05:15:42 GMT">
  <testcase classname="DailyScriptsLpaasDemo.ConfirmEasyPointsRedemption01" name="f" time="15.141"/>
</testsuite> <!-- DailyScriptsLpaasDemo.ConfirmEasyPointsRedemption01 -->
