<?xml version="1.0" encoding="UTF-8"?>
<!-- Generated by org.testng.reporters.JUnitReportReporter -->
<testsuite hostname="administrator" failures="0" tests="1" name="DailyScriptsAPIsMiddleast.IssueGV01" time="6.068" errors="0" timestamp="7 Jan 2020 04:47:08 GMT">
  <testcase classname="DailyScriptsAPIsMiddleast.IssueGV01" name="f" time="6.068"/>
</testsuite> <!-- DailyScriptsAPIsMiddleast.IssueGV01 -->
