<?xml version="1.0" encoding="UTF-8"?>
<!-- Generated by org.testng.reporters.JUnitReportReporter -->
<testsuite hostname="administrator" failures="0" tests="1" name="DailyScriptsAPIs_LpaasDemo.ConfirmEasyPointsRedemption01" time="14.527" errors="0" timestamp="17 Dec 2019 04:08:13 GMT">
  <testcase classname="DailyScriptsAPIs_LpaasDemo.ConfirmEasyPointsRedemption01" name="f" time="14.527"/>
</testsuite> <!-- DailyScriptsAPIs_LpaasDemo.ConfirmEasyPointsRedemption01 -->
