<?xml version="1.0" encoding="UTF-8"?>
<!-- Generated by org.testng.reporters.JUnitReportReporter -->
<testsuite hostname="revaladm-ThinkCentre-M72e" failures="0" tests="1" name="DailyScriptsAPIs_Revdemo.EasyPointsAccrual01" time="65.124" errors="0" timestamp="10 Jul 2020 07:46:48 GMT">
  <testcase classname="DailyScriptsAPIs_Revdemo.EasyPointsAccrual01" name="f" time="65.124"/>
</testsuite> <!-- DailyScriptsAPIs_Revdemo.EasyPointsAccrual01 -->
