<?xml version="1.0" encoding="UTF-8"?>
<!-- Generated by org.testng.reporters.JUnitReportReporter -->
<testsuite hostname="revaladm-ThinkCentre-M72e" failures="0" tests="1" name="DailyScriptsAPIs_Revdemo.UseCoupon01" time="57.193" errors="0" timestamp="10 Jul 2020 07:35:34 GMT">
  <testcase classname="DailyScriptsAPIs_Revdemo.UseCoupon01" name="f" time="57.193"/>
</testsuite> <!-- DailyScriptsAPIs_Revdemo.UseCoupon01 -->
