<?xml version="1.0" encoding="UTF-8"?>
<!-- Generated by org.testng.reporters.JUnitReportReporter -->
<testsuite hostname="administrator" failures="0" tests="1" name="DailyScriptsAPIsMiddleast.SaveChildrenDetails01" time="7.453" errors="0" timestamp="7 Jan 2020 04:55:56 GMT">
  <testcase classname="DailyScriptsAPIsMiddleast.SaveChildrenDetails01" name="f" time="7.453"/>
</testsuite> <!-- DailyScriptsAPIsMiddleast.SaveChildrenDetails01 -->
