<?xml version="1.0" encoding="UTF-8"?>
<!-- Generated by org.testng.reporters.JUnitReportReporter -->
<testsuite hostname="administrator" failures="0" tests="1" name="DailyScriptsLpaasDemo.UnblockGV" time="5.899" errors="0" timestamp="29 Nov 2019 07:19:15 GMT">
  <testcase classname="DailyScriptsLpaasDemo.UnblockGV" name="UnblockCoupon" time="5.899"/>
</testsuite> <!-- DailyScriptsLpaasDemo.UnblockGV -->
