<?xml version="1.0" encoding="UTF-8"?>
<!-- Generated by org.testng.reporters.JUnitReportReporter -->
<testsuite hostname="revaladm-ThinkCentre-M72e" failures="0" tests="1" name="DailyScriptsAPIs_Canon.GetCustomerReferalCode01" time="6.445" errors="0" timestamp="15 Jul 2020 10:28:48 GMT">
  <testcase classname="DailyScriptsAPIs_Canon.GetCustomerReferalCode01" name="wsGetReferralCode" time="6.445"/>
</testsuite> <!-- DailyScriptsAPIs_Canon.GetCustomerReferalCode01 -->
