<?xml version="1.0" encoding="UTF-8"?>
<!-- Generated by org.testng.reporters.JUnitReportReporter -->
<testsuite hostname="administrator" failures="0" tests="1" name="DailyScriptsLpaasDemo.CouponOTP" time="24.527" errors="0" timestamp="29 Nov 2019 07:11:22 GMT">
  <testcase classname="DailyScriptsLpaasDemo.CouponOTP" name="wsCouponOTP" time="24.527"/>
</testsuite> <!-- DailyScriptsLpaasDemo.CouponOTP -->
