<?xml version="1.0" encoding="UTF-8"?>
<!-- Generated by org.testng.reporters.JUnitReportReporter -->
<testsuite hostname="administrator" failures="0" tests="1" name="DailyScriptsAPIs_LpaasDemo.UseGV01" time="17.118" errors="0" timestamp="17 Dec 2019 04:14:08 GMT">
  <testcase classname="DailyScriptsAPIs_LpaasDemo.UseGV01" name="f" time="17.118"/>
</testsuite> <!-- DailyScriptsAPIs_LpaasDemo.UseGV01 -->
